<?xml version="1.0" encoding="UTF-8"?>
<testsuite xmlns:xsi="http://www.w3.org/2001/XMLSchema-instance" xsi:noNamespaceSchemaLocation="https://maven.apache.org/surefire/maven-surefire-plugin/xsd/surefire-test-report-3.0.xsd" version="3.0" name="PruebasUnitariasArreglos" time="0.096" tests="10" errors="0" skipped="0" failures="0">
  <properties>
[...]
</properties>
  <testcase name="pruebaSuma1" classname="PruebasUnitariasArreglos" time="0.039"/>
  <testcase name="pruebaLimite1" classname="PruebasUnitariasArreglos" time="0.001"/>
  <testcase name="pruebaPromedio1" classname="PruebasUnitariasArreglos" time="0.002"/>
  <testcase name="pruebaLimite2null" classname="PruebasUnitariasArreglos" time="0.002"/>
  <testcase name="pruebaSuma2nulo" classname="PruebasUnitariasArreglos" time="0.002"/>
  <testcase name="pruebaInvertidos1" classname="PruebasUnitariasArreglos" time="0.004"/>
  <testcase name="pruebaInvertidos2nulo" classname="PruebasUnitariasArreglos" time="0.001"/>
  <testcase name="pruebaPromedio2nulo" classname="PruebasUnitariasArreglos" time="0.001"/>
  <testcase name="pruebaAbsoluto2nulo" classname="PruebasUnitariasArreglos" time="0.001"/>
  <testcase name="pruebaAbsoluto1" classname="PruebasUnitariasArreglos" time="0.001"/>
</testsuite>